<?xml version="1.0" encoding="UTF-8"?>
<testsuite xmlns:xsi="http://www.w3.org/2001/XMLSchema-instance" xsi:noNamespaceSchemaLocation="https://maven.apache.org/surefire/maven-surefire-plugin/xsd/surefire-test-report-3.0.xsd" version="3.0" name="edu.brown.cs.student.api.SQLiteDBUnitTest" time="0.99" tests="20" errors="0" skipped="0" failures="0">
  <properties>
    <property name="java.specification.version" value="17"/>
    <property name="sun.jnu.encoding" value="UTF-8"/>
    <property name="java.class.path" value="/Users/bryanna/Documents/Classes/Spring 2023/CS32/projects/DropWatch/backend/target/test-classes:/Users/bryanna/Documents/Classes/Spring 2023/CS32/projects/DropWatch/backend/target/classes:/Users/bryanna/.m2/repository/com/squareup/moshi/moshi/1.13.0/moshi-1.13.0.jar:/Users/bryanna/.m2/repository/com/squareup/okio/okio/2.10.0/okio-2.10.0.jar:/Users/bryanna/.m2/repository/org/jetbrains/kotlin/kotlin-stdlib/1.4.20/kotlin-stdlib-1.4.20.jar:/Users/bryanna/.m2/repository/org/jetbrains/annotations/13.0/annotations-13.0.jar:/Users/bryanna/.m2/repository/org/jetbrains/kotlin/kotlin-stdlib-common/1.4.20/kotlin-stdlib-common-1.4.20.jar:/Users/bryanna/.m2/repository/org/jetbrains/kotlin/kotlin-stdlib-jdk8/1.6.0/kotlin-stdlib-jdk8-1.6.0.jar:/Users/bryanna/.m2/repository/org/jetbrains/kotlin/kotlin-stdlib-jdk7/1.6.0/kotlin-stdlib-jdk7-1.6.0.jar:/Users/bryanna/.m2/repository/com/squareup/moshi/moshi-adapters/1.13.0/moshi-adapters-1.13.0.jar:/Users/bryanna/.m2/repository/com/google/guava/guava/31.1-jre/guava-31.1-jre.jar:/Users/bryanna/.m2/repository/com/google/guava/failureaccess/1.0.1/failureaccess-1.0.1.jar:/Users/bryanna/.m2/repository/com/google/guava/listenablefuture/9999.0-empty-to-avoid-conflict-with-guava/listenablefuture-9999.0-empty-to-avoid-conflict-with-guava.jar:/Users/bryanna/.m2/repository/com/google/code/findbugs/jsr305/3.0.2/jsr305-3.0.2.jar:/Users/bryanna/.m2/repository/org/checkerframework/checker-qual/3.12.0/checker-qual-3.12.0.jar:/Users/bryanna/.m2/repository/com/google/errorprone/error_prone_annotations/2.11.0/error_prone_annotations-2.11.0.jar:/Users/bryanna/.m2/repository/com/google/j2objc/j2objc-annotations/1.3/j2objc-annotations-1.3.jar:/Users/bryanna/.m2/repository/com/sparkjava/spark-core/2.9.3/spark-core-2.9.3.jar:/Users/bryanna/.m2/repository/org/slf4j/slf4j-api/1.7.25/slf4j-api-1.7.25.jar:/Users/bryanna/.m2/repository/org/eclipse/jetty/jetty-server/9.4.31.v20200723/jetty-server-9.4.31.v20200723.jar:/Users/bryanna/.m2/repository/javax/servlet/javax.servlet-api/3.1.0/javax.servlet-api-3.1.0.jar:/Users/bryanna/.m2/repository/org/eclipse/jetty/jetty-http/9.4.31.v20200723/jetty-http-9.4.31.v20200723.jar:/Users/bryanna/.m2/repository/org/eclipse/jetty/jetty-util/9.4.31.v20200723/jetty-util-9.4.31.v20200723.jar:/Users/bryanna/.m2/repository/org/eclipse/jetty/jetty-io/9.4.31.v20200723/jetty-io-9.4.31.v20200723.jar:/Users/bryanna/.m2/repository/org/eclipse/jetty/jetty-webapp/9.4.31.v20200723/jetty-webapp-9.4.31.v20200723.jar:/Users/bryanna/.m2/repository/org/eclipse/jetty/jetty-xml/9.4.31.v20200723/jetty-xml-9.4.31.v20200723.jar:/Users/bryanna/.m2/repository/org/eclipse/jetty/jetty-servlet/9.4.31.v20200723/jetty-servlet-9.4.31.v20200723.jar:/Users/bryanna/.m2/repository/org/eclipse/jetty/jetty-security/9.4.31.v20200723/jetty-security-9.4.31.v20200723.jar:/Users/bryanna/.m2/repository/org/eclipse/jetty/websocket/websocket-server/9.4.31.v20200723/websocket-server-9.4.31.v20200723.jar:/Users/bryanna/.m2/repository/org/eclipse/jetty/websocket/websocket-common/9.4.31.v20200723/websocket-common-9.4.31.v20200723.jar:/Users/bryanna/.m2/repository/org/eclipse/jetty/websocket/websocket-client/9.4.31.v20200723/websocket-client-9.4.31.v20200723.jar:/Users/bryanna/.m2/repository/org/eclipse/jetty/jetty-client/9.4.31.v20200723/jetty-client-9.4.31.v20200723.jar:/Users/bryanna/.m2/repository/org/eclipse/jetty/websocket/websocket-servlet/9.4.31.v20200723/websocket-servlet-9.4.31.v20200723.jar:/Users/bryanna/.m2/repository/org/eclipse/jetty/websocket/websocket-api/9.4.31.v20200723/websocket-api-9.4.31.v20200723.jar:/Users/bryanna/.m2/repository/org/testng/testng/7.7.1/testng-7.7.1.jar:/Users/bryanna/.m2/repository/com/beust/jcommander/1.82/jcommander-1.82.jar:/Users/bryanna/.m2/repository/org/webjars/jquery/3.6.1/jquery-3.6.1.jar:/Users/bryanna/.m2/repository/org/junit/jupiter/junit-jupiter-engine/5.4.0/junit-jupiter-engine-5.4.0.jar:/Users/bryanna/.m2/repository/org/apiguardian/apiguardian-api/1.0.0/apiguardian-api-1.0.0.jar:/Users/bryanna/.m2/repository/org/junit/platform/junit-platform-engine/1.4.0/junit-platform-engine-1.4.0.jar:/Users/bryanna/.m2/repository/org/opentest4j/opentest4j/1.1.1/opentest4j-1.1.1.jar:/Users/bryanna/.m2/repository/org/junit/platform/junit-platform-commons/1.4.0/junit-platform-commons-1.4.0.jar:/Users/bryanna/.m2/repository/org/junit/jupiter/junit-jupiter-api/5.4.0/junit-jupiter-api-5.4.0.jar:/Users/bryanna/.m2/repository/org/xerial/sqlite-jdbc/3.41.2.1/sqlite-jdbc-3.41.2.1.jar:"/>
    <property name="java.vm.vendor" value="Homebrew"/>
    <property name="sun.arch.data.model" value="64"/>
    <property name="java.vendor.url" value="https://github.com/Homebrew/homebrew-core/issues"/>
    <property name="user.timezone" value="America/New_York"/>
    <property name="os.name" value="Mac OS X"/>
    <property name="java.vm.specification.version" value="17"/>
    <property name="sun.java.launcher" value="SUN_STANDARD"/>
    <property name="user.country" value="US"/>
    <property name="sun.boot.library.path" value="/usr/local/Cellar/openjdk@17/17.0.6/libexec/openjdk.jdk/Contents/Home/lib"/>
    <property name="sun.java.command" value="/Users/bryanna/Documents/Classes/Spring 2023/CS32/projects/DropWatch/backend/target/surefire/surefirebooter-20230510015920688_3.jar /Users/bryanna/Documents/Classes/Spring 2023/CS32/projects/DropWatch/backend/target/surefire 2023-05-10T01-59-20_451-jvmRun1 surefire-20230510015920688_1tmp surefire_0-20230510015920688_2tmp"/>
    <property name="http.nonProxyHosts" value="local|*.local|169.254/16|*.169.254/16"/>
    <property name="jdk.debug" value="release"/>
    <property name="surefire.test.class.path" value="/Users/bryanna/Documents/Classes/Spring 2023/CS32/projects/DropWatch/backend/target/test-classes:/Users/bryanna/Documents/Classes/Spring 2023/CS32/projects/DropWatch/backend/target/classes:/Users/bryanna/.m2/repository/com/squareup/moshi/moshi/1.13.0/moshi-1.13.0.jar:/Users/bryanna/.m2/repository/com/squareup/okio/okio/2.10.0/okio-2.10.0.jar:/Users/bryanna/.m2/repository/org/jetbrains/kotlin/kotlin-stdlib/1.4.20/kotlin-stdlib-1.4.20.jar:/Users/bryanna/.m2/repository/org/jetbrains/annotations/13.0/annotations-13.0.jar:/Users/bryanna/.m2/repository/org/jetbrains/kotlin/kotlin-stdlib-common/1.4.20/kotlin-stdlib-common-1.4.20.jar:/Users/bryanna/.m2/repository/org/jetbrains/kotlin/kotlin-stdlib-jdk8/1.6.0/kotlin-stdlib-jdk8-1.6.0.jar:/Users/bryanna/.m2/repository/org/jetbrains/kotlin/kotlin-stdlib-jdk7/1.6.0/kotlin-stdlib-jdk7-1.6.0.jar:/Users/bryanna/.m2/repository/com/squareup/moshi/moshi-adapters/1.13.0/moshi-adapters-1.13.0.jar:/Users/bryanna/.m2/repository/com/google/guava/guava/31.1-jre/guava-31.1-jre.jar:/Users/bryanna/.m2/repository/com/google/guava/failureaccess/1.0.1/failureaccess-1.0.1.jar:/Users/bryanna/.m2/repository/com/google/guava/listenablefuture/9999.0-empty-to-avoid-conflict-with-guava/listenablefuture-9999.0-empty-to-avoid-conflict-with-guava.jar:/Users/bryanna/.m2/repository/com/google/code/findbugs/jsr305/3.0.2/jsr305-3.0.2.jar:/Users/bryanna/.m2/repository/org/checkerframework/checker-qual/3.12.0/checker-qual-3.12.0.jar:/Users/bryanna/.m2/repository/com/google/errorprone/error_prone_annotations/2.11.0/error_prone_annotations-2.11.0.jar:/Users/bryanna/.m2/repository/com/google/j2objc/j2objc-annotations/1.3/j2objc-annotations-1.3.jar:/Users/bryanna/.m2/repository/com/sparkjava/spark-core/2.9.3/spark-core-2.9.3.jar:/Users/bryanna/.m2/repository/org/slf4j/slf4j-api/1.7.25/slf4j-api-1.7.25.jar:/Users/bryanna/.m2/repository/org/eclipse/jetty/jetty-server/9.4.31.v20200723/jetty-server-9.4.31.v20200723.jar:/Users/bryanna/.m2/repository/javax/servlet/javax.servlet-api/3.1.0/javax.servlet-api-3.1.0.jar:/Users/bryanna/.m2/repository/org/eclipse/jetty/jetty-http/9.4.31.v20200723/jetty-http-9.4.31.v20200723.jar:/Users/bryanna/.m2/repository/org/eclipse/jetty/jetty-util/9.4.31.v20200723/jetty-util-9.4.31.v20200723.jar:/Users/bryanna/.m2/repository/org/eclipse/jetty/jetty-io/9.4.31.v20200723/jetty-io-9.4.31.v20200723.jar:/Users/bryanna/.m2/repository/org/eclipse/jetty/jetty-webapp/9.4.31.v20200723/jetty-webapp-9.4.31.v20200723.jar:/Users/bryanna/.m2/repository/org/eclipse/jetty/jetty-xml/9.4.31.v20200723/jetty-xml-9.4.31.v20200723.jar:/Users/bryanna/.m2/repository/org/eclipse/jetty/jetty-servlet/9.4.31.v20200723/jetty-servlet-9.4.31.v20200723.jar:/Users/bryanna/.m2/repository/org/eclipse/jetty/jetty-security/9.4.31.v20200723/jetty-security-9.4.31.v20200723.jar:/Users/bryanna/.m2/repository/org/eclipse/jetty/websocket/websocket-server/9.4.31.v20200723/websocket-server-9.4.31.v20200723.jar:/Users/bryanna/.m2/repository/org/eclipse/jetty/websocket/websocket-common/9.4.31.v20200723/websocket-common-9.4.31.v20200723.jar:/Users/bryanna/.m2/repository/org/eclipse/jetty/websocket/websocket-client/9.4.31.v20200723/websocket-client-9.4.31.v20200723.jar:/Users/bryanna/.m2/repository/org/eclipse/jetty/jetty-client/9.4.31.v20200723/jetty-client-9.4.31.v20200723.jar:/Users/bryanna/.m2/repository/org/eclipse/jetty/websocket/websocket-servlet/9.4.31.v20200723/websocket-servlet-9.4.31.v20200723.jar:/Users/bryanna/.m2/repository/org/eclipse/jetty/websocket/websocket-api/9.4.31.v20200723/websocket-api-9.4.31.v20200723.jar:/Users/bryanna/.m2/repository/org/testng/testng/7.7.1/testng-7.7.1.jar:/Users/bryanna/.m2/repository/com/beust/jcommander/1.82/jcommander-1.82.jar:/Users/bryanna/.m2/repository/org/webjars/jquery/3.6.1/jquery-3.6.1.jar:/Users/bryanna/.m2/repository/org/junit/jupiter/junit-jupiter-engine/5.4.0/junit-jupiter-engine-5.4.0.jar:/Users/bryanna/.m2/repository/org/apiguardian/apiguardian-api/1.0.0/apiguardian-api-1.0.0.jar:/Users/bryanna/.m2/repository/org/junit/platform/junit-platform-engine/1.4.0/junit-platform-engine-1.4.0.jar:/Users/bryanna/.m2/repository/org/opentest4j/opentest4j/1.1.1/opentest4j-1.1.1.jar:/Users/bryanna/.m2/repository/org/junit/platform/junit-platform-commons/1.4.0/junit-platform-commons-1.4.0.jar:/Users/bryanna/.m2/repository/org/junit/jupiter/junit-jupiter-api/5.4.0/junit-jupiter-api-5.4.0.jar:/Users/bryanna/.m2/repository/org/xerial/sqlite-jdbc/3.41.2.1/sqlite-jdbc-3.41.2.1.jar:"/>
    <property name="sun.cpu.endian" value="little"/>
    <property name="user.home" value="/Users/bryanna"/>
    <property name="user.language" value="en"/>
    <property name="java.specification.vendor" value="Oracle Corporation"/>
    <property name="java.version.date" value="2023-01-17"/>
    <property name="java.home" value="/usr/local/Cellar/openjdk@17/17.0.6/libexec/openjdk.jdk/Contents/Home"/>
    <property name="file.separator" value="/"/>
    <property name="basedir" value="/Users/bryanna/Documents/Classes/Spring 2023/CS32/projects/DropWatch/backend"/>
    <property name="java.vm.compressedOopsMode" value="Zero based"/>
    <property name="line.separator" value="&#10;"/>
    <property name="java.vm.specification.vendor" value="Oracle Corporation"/>
    <property name="java.specification.name" value="Java Platform API Specification"/>
    <property name="surefire.real.class.path" value="/Users/bryanna/Documents/Classes/Spring 2023/CS32/projects/DropWatch/backend/target/surefire/surefirebooter-20230510015920688_3.jar"/>
    <property name="sun.management.compiler" value="HotSpot 64-Bit Tiered Compilers"/>
    <property name="ftp.nonProxyHosts" value="local|*.local|169.254/16|*.169.254/16"/>
    <property name="java.runtime.version" value="17.0.6+0"/>
    <property name="user.name" value="bryanna"/>
    <property name="path.separator" value=":"/>
    <property name="os.version" value="13.3.1"/>
    <property name="java.runtime.name" value="OpenJDK Runtime Environment"/>
    <property name="file.encoding" value="UTF-8"/>
    <property name="java.vm.name" value="OpenJDK 64-Bit Server VM"/>
    <property name="java.vendor.version" value="Homebrew"/>
    <property name="localRepository" value="/Users/bryanna/.m2/repository"/>
    <property name="java.vendor.url.bug" value="https://github.com/Homebrew/homebrew-core/issues"/>
    <property name="java.io.tmpdir" value="/var/folders/9b/yfh2hhh94c3c4yznqydz34r40000gn/T/"/>
    <property name="java.version" value="17.0.6"/>
    <property name="user.dir" value="/Users/bryanna/Documents/Classes/Spring 2023/CS32/projects/DropWatch/backend"/>
    <property name="os.arch" value="x86_64"/>
    <property name="java.vm.specification.name" value="Java Virtual Machine Specification"/>
    <property name="native.encoding" value="UTF-8"/>
    <property name="java.library.path" value="/Users/bryanna/Library/Java/Extensions:/Library/Java/Extensions:/Network/Library/Java/Extensions:/System/Library/Java/Extensions:/usr/lib/java:."/>
    <property name="java.vm.info" value="mixed mode, sharing"/>
    <property name="java.vendor" value="Homebrew"/>
    <property name="java.vm.version" value="17.0.6+0"/>
    <property name="sun.io.unicode.encoding" value="UnicodeBig"/>
    <property name="socksNonProxyHosts" value="local|*.local|169.254/16|*.169.254/16"/>
    <property name="java.class.version" value="61.0"/>
  </properties>
  <testcase name="test_ExecuteSQLQuery_GoodInput" classname="edu.brown.cs.student.api.SQLiteDBUnitTest" time="0.337">
    <system-out><![CDATA[Success! AutoCommit successfully changed for this.conn!
Success! Connection to SSQLiteDB has been established
Success! SQL Query has been executed in connected database
Success! SQL Query has been executed in connected database
Success! SQL Query has been executed in connected database
Success! SQL Query has been executed in connected database
]]></system-out>
  </testcase>
  <testcase name="test_RandomCreate" classname="edu.brown.cs.student.api.SQLiteDBUnitTest" time="0.559">
    <system-out><![CDATA[Success! Connection to SSQLiteDB has been closed
Success! AutoCommit successfully changed for this.conn!
Success! New SQLite DB has been created
Success! New table has been created
Success! New table has been created
Success! New table has been created
Success! New table has been created
Success! New table has been created
Success! New table has been created
Success! New table has been created
Success! New table has been created
Success! New table has been created
Success! New table has been created
Success! New table has been created
Success! New table has been created
Success! New table has been created
Success! New table has been created
Success! New table has been created
Success! New table has been created
Success! New table has been created
Success! New table has been created
Success! New table has been created
Success! New table has been created
Success! New table has been created
Success! New table has been created
Success! New table has been created
Success! New table has been created
Success! New table has been created
Success! New table has been created
Success! New table has been created
Success! New table has been created
Success! New table has been created
Success! New table has been created
Success! New table has been created
Success! New table has been created
Success! New table has been created
Success! New table has been created
Success! New table has been created
Success! New table has been created
Success! New table has been created
Success! New table has been created
Success! New table has been created
Success! New table has been created
Success! New table has been created
Success! New table has been created
Success! New table has been created
Success! New table has been created
Success! New table has been created
Success! New table has been created
Success! New table has been created
Success! New table has been created
Success! New table has been created
Success! New table has been created
Success! New table has been created
Success! New table has been created
Success! New table has been created
Success! New table has been created
Success! New table has been created
Success! New table has been created
Success! New table has been created
Success! New table has been created
Success! New table has been created
Success! New table has been created
Success! New table has been created
Success! New table has been created
Success! New table has been created
Success! New table has been created
Success! New table has been created
Success! New table has been created
Success! New table has been created
Success! New table has been created
Success! New table has been created
Success! New table has been created
Success! New table has been created
Success! New table has been created
Success! New table has been created
Success! New table has been created
Success! New table has been created
Success! New table has been created
Success! New table has been created
Success! New table has been created
Success! New table has been created
Success! New table has been created
Success! New table has been created
Success! New table has been created
Success! New table has been created
Success! New table has been created
Success! New table has been created
Success! New table has been created
Success! New table has been created
Success! New table has been created
Success! New table has been created
Success! New table has been created
Success! New table has been created
Success! New table has been created
Success! New table has been created
Success! New table has been created
Success! New table has been created
Success! New table has been created
Success! New table has been created
Success! New table has been created
Success! New table has been created
Success! New table has been created
Success! New table has been created
Success! New table has been created
Success! New table has been created
Success! New table has been created
Success! New table has been created
Success! New table has been created
Success! New table has been created
Success! New table has been created
Success! New table has been created
Success! New table has been created
Success! New table has been created
Success! New table has been created
Success! New table has been created
Success! New table has been created
Success! New table has been created
Success! New table has been created
Success! New table has been created
Success! New table has been created
Success! New table has been created
Success! New table has been created
Success! New table has been created
Success! New table has been created
Success! New table has been created
Success! New table has been created
Success! New table has been created
Success! New table has been created
Success! New table has been created
Success! New table has been created
Success! New table has been created
Success! New table has been created
Success! New table has been created
Success! New table has been created
Success! New table has been created
Success! New table has been created
Success! New table has been created
Success! New table has been created
Success! New table has been created
Success! New table has been created
Success! New table has been created
Success! New table has been created
Success! New table has been created
Success! New table has been created
Success! New table has been created
Success! New table has been created
Success! New table has been created
Success! New table has been created
Success! New table has been created
Success! New table has been created
Success! New table has been created
Success! New table has been created
Success! New table has been created
Success! New table has been created
Success! New table has been created
Success! New table has been created
Success! New table has been created
Success! New table has been created
Success! New table has been created
Success! New table has been created
Success! New table has been created
Success! New table has been created
Success! New table has been created
Success! New table has been created
Success! New table has been created
Success! New table has been created
Success! New table has been created
Success! New table has been created
Success! New table has been created
Success! New table has been created
Success! New table has been created
Success! New table has been created
Success! New table has been created
Success! New table has been created
Success! New table has been created
Success! New table has been created
Success! New table has been created
Success! New table has been created
Success! New table has been created
Success! New table has been created
Success! New table has been created
Success! New table has been created
Success! New table has been created
Success! New table has been created
Success! New table has been created
Success! New table has been created
Success! New table has been created
Success! New table has been created
Success! New table has been created
Success! New table has been created
Success! New table has been created
Success! New table has been created
Success! New table has been created
Success! New table has been created
Success! New table has been created
Success! New table has been created
Success! New table has been created
Success! New table has been created
Success! New table has been created
Success! New table has been created
Success! New table has been created
Success! New table has been created
Success! New table has been created
Success! New table has been created
Success! New table has been created
Success! New table has been created
Success! New table has been created
Success! New table has been created
Success! New table has been created
Success! New table has been created
Success! New table has been created
Success! New table has been created
Success! New table has been created
Success! New table has been created
Success! New table has been created
Success! New table has been created
Success! New table has been created
Success! New table has been created
Success! New table has been created
Success! New table has been created
Success! New table has been created
Success! New table has been created
Success! New table has been created
Success! New table has been created
Success! New table has been created
Success! New table has been created
Success! New table has been created
Success! New table has been created
Success! New table has been created
Success! New table has been created
Success! New table has been created
Success! New table has been created
Success! New table has been created
Success! New table has been created
Success! New table has been created
Success! New table has been created
Success! New table has been created
Success! New table has been created
Success! New table has been created
Success! New table has been created
Success! New table has been created
Success! New table has been created
Success! New table has been created
Success! New table has been created
Success! New table has been created
Success! New table has been created
Success! New table has been created
Success! New table has been created
Success! New table has been created
Success! New table has been created
Success! New table has been created
Success! New table has been created
Success! New table has been created
Success! New table has been created
Success! New table has been created
Success! New table has been created
Success! New table has been created
Success! New table has been created
Success! New table has been created
Success! New table has been created
Success! New table has been created
Success! New table has been created
Success! New table has been created
Success! New table has been created
Success! New table has been created
Success! New table has been created
Success! New table has been created
Success! New table has been created
Success! New table has been created
Success! New table has been created
Success! New table has been created
Success! New table has been created
Success! New table has been created
Success! New table has been created
Success! New table has been created
Success! New table has been created
Success! New table has been created
Success! New table has been created
Success! New table has been created
Success! New table has been created
Success! New table has been created
Success! New table has been created
Success! New table has been created
Success! New table has been created
Success! New table has been created
Success! New table has been created
Success! New table has been created
Success! New table has been created
Success! New table has been created
Success! New table has been created
Success! New table has been created
Success! New table has been created
Success! New table has been created
Success! New table has been created
Success! New table has been created
Success! New table has been created
Success! New table has been created
Success! New table has been created
Success! New table has been created
Success! New table has been created
Success! New table has been created
Success! New table has been created
Success! New table has been created
Success! New table has been created
Success! New table has been created
Success! New table has been created
Success! New table has been created
Success! New table has been created
Success! New table has been created
Success! New table has been created
Success! New table has been created
Success! New table has been created
Success! New table has been created
Success! New table has been created
Success! New table has been created
Success! New table has been created
Success! New table has been created
Success! New table has been created
Success! New table has been created
Success! New table has been created
Success! New table has been created
Success! New table has been created
Success! New table has been created
Success! New table has been created
Success! New table has been created
Success! New table has been created
Success! New table has been created
Success! New table has been created
Success! New table has been created
Success! New table has been created
Success! New table has been created
Success! New table has been created
Success! New table has been created
Success! New table has been created
Success! New table has been created
Success! New table has been created
Success! New table has been created
Success! New table has been created
Success! New table has been created
Success! New table has been created
Success! New table has been created
Success! New table has been created
Success! New table has been created
Success! New table has been created
Success! New table has been created
Success! New table has been created
Success! New table has been created
Success! New table has been created
Success! New table has been created
Success! New table has been created
Success! New table has been created
Success! New table has been created
Success! New table has been created
Success! New table has been created
Success! New table has been created
Success! New table has been created
Success! New table has been created
Success! New table has been created
Success! New table has been created
Success! New table has been created
Success! New table has been created
Success! New table has been created
Success! New table has been created
Success! New table has been created
Success! New table has been created
Success! New table has been created
Success! New table has been created
Success! New table has been created
Success! New table has been created
Success! New table has been created
Success! New table has been created
Success! New table has been created
Success! New table has been created
Success! New table has been created
Success! New table has been created
Success! New table has been created
Success! New table has been created
Success! New table has been created
Success! New table has been created
Success! New table has been created
Success! New table has been created
Success! New table has been created
Success! New table has been created
Success! New table has been created
Success! New table has been created
Success! New table has been created
Success! New table has been created
Success! New table has been created
Success! New table has been created
Success! New table has been created
Success! New table has been created
Success! New table has been created
Success! New table has been created
Success! New table has been created
Success! New table has been created
Success! New table has been created
Success! New table has been created
Success! New table has been created
Success! New table has been created
Success! New table has been created
Success! New table has been created
Success! New table has been created
Success! New table has been created
Success! New table has been created
Success! New table has been created
Success! New table has been created
Success! New table has been created
Success! New table has been created
Success! New table has been created
Success! New table has been created
Success! New table has been created
Success! New table has been created
Success! New table has been created
Success! New table has been created
Success! New table has been created
Success! New table has been created
Success! New table has been created
Success! New table has been created
Success! New table has been created
Success! New table has been created
Success! New table has been created
Success! New table has been created
Success! New table has been created
Success! New table has been created
Success! New table has been created
Success! New table has been created
Success! New table has been created
Success! New table has been created
Success! New table has been created
Success! New table has been created
Success! New table has been created
Success! New table has been created
Success! New table has been created
Success! New table has been created
Success! New table has been created
Success! New table has been created
Success! New table has been created
Success! New table has been created
Success! New table has been created
Success! New table has been created
Success! New table has been created
Success! New table has been created
Success! New table has been created
Success! New table has been created
Success! New table has been created
Success! New table has been created
Success! New table has been created
Success! New table has been created
Success! New table has been created
Success! New table has been created
Success! New table has been created
Success! New table has been created
Success! New table has been created
Success! New table has been created
Success! New table has been created
Success! New table has been created
Success! New table has been created
Success! New table has been created
Success! New table has been created
Success! New table has been created
Success! New table has been created
Success! New table has been created
Success! New table has been created
Success! New table has been created
Success! New table has been created
Success! New table has been created
Success! New table has been created
Success! New table has been created
Success! New table has been created
Success! New table has been created
Success! New table has been created
Success! New table has been created
Success! New table has been created
Success! New table has been created
Success! New table has been created
Success! New table has been created
Success! New table has been created
Success! New table has been created
Success! New table has been created
Success! New table has been created
Success! New table has been created
Success! New table has been created
Success! New table has been created
Success! New table has been created
Success! New table has been created
Success! New table has been created
Success! New table has been created
Success! New table has been created
Success! New table has been created
Success! New table has been created
Success! New table has been created
Success! New table has been created
Success! New table has been created
Success! New table has been created
Success! New table has been created
Success! New table has been created
Success! New table has been created
Success! New table has been created
Success! New table has been created
Success! New table has been created
Success! New table has been created
Success! New table has been created
Success! New table has been created
Success! New table has been created
Success! New table has been created
Success! New table has been created
Success! New table has been created
Success! New table has been created
Success! New table has been created
Success! New table has been created
Success! New table has been created
Success! New table has been created
Success! New table has been created
Success! New table has been created
Success! New table has been created
Success! New table has been created
Success! New table has been created
Success! New table has been created
Success! New table has been created
Success! New table has been created
Success! New table has been created
Success! New table has been created
Success! New table has been created
Success! New table has been created
Success! New table has been created
Success! New table has been created
Success! New table has been created
Success! New table has been created
Success! New table has been created
Success! New table has been created
Success! New table has been created
Success! New table has been created
Success! New table has been created
Success! New table has been created
Success! New table has been created
Success! New table has been created
Success! New table has been created
Success! New table has been created
Success! New table has been created
Success! New table has been created
Success! New table has been created
Success! New table has been created
Success! New table has been created
Success! New table has been created
Success! New table has been created
Success! New table has been created
Success! New table has been created
Success! New table has been created
Success! New table has been created
Success! New table has been created
Success! New table has been created
Success! New table has been created
Success! New table has been created
Success! New table has been created
Success! New table has been created
Success! New table has been created
Success! New table has been created
Success! New table has been created
Success! New table has been created
Success! New table has been created
Success! New table has been created
Success! New table has been created
Success! New table has been created
Success! New table has been created
Success! New table has been created
Success! New table has been created
Success! New table has been created
Success! New table has been created
Success! New table has been created
Success! New table has been created
Success! New table has been created
Success! New table has been created
Success! New table has been created
Success! New table has been created
Success! New table has been created
Success! New table has been created
Success! New table has been created
Success! New table has been created
Success! New table has been created
Success! New table has been created
Success! New table has been created
Success! New table has been created
Success! New table has been created
Success! New table has been created
Success! New table has been created
Success! New table has been created
Success! New table has been created
Success! New table has been created
Success! New table has been created
Success! New table has been created
Success! New table has been created
Success! New table has been created
Success! New table has been created
Success! New table has been created
Success! New table has been created
Success! New table has been created
Success! New table has been created
Success! New table has been created
Success! New table has been created
Success! New table has been created
Success! New table has been created
Success! New table has been created
Success! New table has been created
Success! New table has been created
Success! New table has been created
Success! New table has been created
Success! New table has been created
Success! New table has been created
Success! New table has been created
Success! New table has been created
Success! New table has been created
Success! New table has been created
Success! New table has been created
Success! New table has been created
Success! New table has been created
Success! New table has been created
Success! New table has been created
Success! New table has been created
Success! New table has been created
Success! New table has been created
Success! New table has been created
Success! New table has been created
Success! New table has been created
Success! New table has been created
Success! New table has been created
Success! New table has been created
Success! New table has been created
Success! New table has been created
Success! New table has been created
Success! New table has been created
Success! New table has been created
Success! New table has been created
Success! New table has been created
Success! New table has been created
Success! New table has been created
Success! New table has been created
Success! New table has been created
Success! New table has been created
Success! New table has been created
Success! New table has been created
Success! New table has been created
Success! New table has been created
Success! New table has been created
Success! New table has been created
Success! New table has been created
Success! New table has been created
Success! New table has been created
Success! New table has been created
Success! New table has been created
Success! New table has been created
Success! New table has been created
Success! New table has been created
Success! New table has been created
Success! New table has been created
Success! New table has been created
Success! New table has been created
Success! New table has been created
Success! New table has been created
Success! New table has been created
Success! New table has been created
Success! New table has been created
Success! New table has been created
Success! New table has been created
Success! New table has been created
Success! New table has been created
Success! New table has been created
Success! New table has been created
Success! New table has been created
Success! New table has been created
Success! New table has been created
Success! New table has been created
Success! New table has been created
Success! New table has been created
Success! New table has been created
Success! New table has been created
Success! New table has been created
Success! New table has been created
Success! New table has been created
Success! New table has been created
Success! New table has been created
Success! New table has been created
Success! New table has been created
Success! New table has been created
Success! New table has been created
Success! New table has been created
Success! New table has been created
Success! New table has been created
Success! New table has been created
Success! New table has been created
Success! New table has been created
Success! New table has been created
Success! New table has been created
Success! New table has been created
Success! New table has been created
Success! New table has been created
Success! New table has been created
Success! New table has been created
Success! New table has been created
Success! New table has been created
Success! New table has been created
Success! New table has been created
Success! New table has been created
Success! New table has been created
Success! New table has been created
Success! New table has been created
Success! New table has been created
Success! New table has been created
Success! New table has been created
Success! New table has been created
Success! New table has been created
Success! New table has been created
Success! New table has been created
Success! New table has been created
Success! New table has been created
Success! New table has been created
Success! New table has been created
Success! New table has been created
Success! New table has been created
Success! New table has been created
Success! New table has been created
Success! New table has been created
Success! New table has been created
Success! New table has been created
Success! New table has been created
Success! New table has been created
Success! New table has been created
Success! New table has been created
Success! New table has been created
Success! New table has been created
Success! New table has been created
Success! New table has been created
Success! New table has been created
Success! New table has been created
Success! New table has been created
Success! New table has been created
Success! New table has been created
Success! New table has been created
Success! New table has been created
Success! New table has been created
Success! New table has been created
Success! New table has been created
Success! New table has been created
Success! New table has been created
Success! New table has been created
Success! New table has been created
Success! New table has been created
Success! New table has been created
Success! New table has been created
Success! New table has been created
Success! New table has been created
Success! New table has been created
Success! New table has been created
Success! New table has been created
Success! New table has been created
Success! New table has been created
Success! New table has been created
Success! New table has been created
Success! New table has been created
Success! New table has been created
Success! New table has been created
Success! New table has been created
Success! New table has been created
Success! New table has been created
Success! New table has been created
Success! New table has been created
Success! New table has been created
Success! New table has been created
Success! New table has been created
Success! New table has been created
Success! New table has been created
Success! New table has been created
Success! New table has been created
Success! New table has been created
Success! New table has been created
Success! New table has been created
Success! New table has been created
Success! New table has been created
Success! New table has been created
Success! New table has been created
Success! New table has been created
Success! New table has been created
Success! New table has been created
Success! New table has been created
Success! New table has been created
Success! New table has been created
Success! New table has been created
Success! New table has been created
Success! New table has been created
Success! New table has been created
Success! New table has been created
Success! New table has been created
Success! New table has been created
Success! New table has been created
Success! New table has been created
Success! New table has been created
Success! New table has been created
Success! New table has been created
Success! New table has been created
Success! New table has been created
Success! New table has been created
Success! New table has been created
Success! New table has been created
Success! New table has been created
Success! New table has been created
Success! New table has been created
Success! New table has been created
Success! New table has been created
Success! New table has been created
Success! New table has been created
Success! New table has been created
Success! New table has been created
Success! New table has been created
Success! New table has been created
Success! New table has been created
Success! New table has been created
Success! New table has been created
Success! New table has been created
Success! New table has been created
Success! New table has been created
Success! New table has been created
Success! New table has been created
Success! New table has been created
Success! New table has been created
Success! New table has been created
Success! New table has been created
Success! New table has been created
Success! New table has been created
Success! New table has been created
Success! New table has been created
Success! New table has been created
Success! New table has been created
Success! New table has been created
Success! New table has been created
Success! New table has been created
Success! New table has been created
Success! New table has been created
Success! New table has been created
Success! New table has been created
Success! New table has been created
Success! New table has been created
Success! New table has been created
Success! New table has been created
Success! New table has been created
Success! New table has been created
Success! New table has been created
Success! New table has been created
Success! New table has been created
Success! New table has been created
Success! New table has been created
Success! New table has been created
Success! New table has been created
Success! New table has been created
Success! New table has been created
Success! New table has been created
Success! New table has been created
Success! New table has been created
Success! New table has been created
Success! New table has been created
Success! New table has been created
Success! New table has been created
Success! New table has been created
Success! New table has been created
Success! New table has been created
Success! New table has been created
Success! New table has been created
Success! New table has been created
Success! New table has been created
Success! New table has been created
Success! New table has been created
Success! New table has been created
Success! New table has been created
Success! New table has been created
Success! New table has been created
Success! New table has been created
Success! New table has been created
Success! New table has been created
Success! New table has been created
Success! New table has been created
Success! New table has been created
Success! New table has been created
Success! New table has been created
Success! New table has been created
Success! New table has been created
Success! New table has been created
Success! New table has been created
Success! New table has been created
Success! New table has been created
Success! New table has been created
Success! New table has been created
Success! New table has been created
Success! New table has been created
Success! New table has been created
Success! New table has been created
Success! New table has been created
Success! New table has been created
Success! New table has been created
Success! New table has been created
Success! New table has been created
Success! New table has been created
Success! New table has been created
Success! New table has been created
Success! New table has been created
Success! New table has been created
Success! New table has been created
Success! New table has been created
Success! New table has been created
Success! New table has been created
Success! New table has been created
Success! New table has been created
Success! New table has been created
Success! New table has been created
Success! New table has been created
Success! New table has been created
Success! New table has been created
Success! New table has been created
Success! New table has been created
Success! New table has been created
Success! New table has been created
Success! New table has been created
Success! New table has been created
Success! New table has been created
Success! New table has been created
Success! New table has been created
Success! New table has been created
Success! New table has been created
Success! New table has been created
Success! New table has been created
Success! New table has been created
Success! New table has been created
Success! New table has been created
Success! New table has been created
Success! New table has been created
Success! New table has been created
Success! New table has been created
Success! New table has been created
Success! New table has been created
Success! New table has been created
Success! New table has been created
Success! New table has been created
Success! New table has been created
Success! New table has been created
Success! New table has been created
Success! New table has been created
Success! New table has been created
Success! New table has been created
Success! New table has been created
Success! New table has been created
Success! New table has been created
Success! New table has been created
Success! New table has been created
Success! New table has been created
Success! New table has been created
Success! New table has been created
Success! New table has been created
Success! New table has been created
Success! New table has been created
Success! New table has been created
Success! New table has been created
Success! New table has been created
Success! New table has been created
Success! New table has been created
Success! New table has been created
Success! New table has been created
Success! New table has been created
Success! New table has been created
Success! New table has been created
Success! New table has been created
Success! New table has been created
Success! New table has been created
Success! New table has been created
Success! New table has been created
Success! New table has been created
Success! New table has been created
Success! New table has been created
Success! New table has been created
Success! New table has been created
Success! New table has been created
Success! New table has been created
Success! New table has been created
Success! New table has been created
Success! New table has been created
Success! New table has been created
Success! New table has been created
Success! New table has been created
Success! New table has been created
Success! New table has been created
Success! New table has been created
Success! New table has been created
Success! New table has been created
Success! New table has been created
Success! New table has been created
Success! New table has been created
Success! New table has been created
Success! New table has been created
Success! New table has been created
Success! New table has been created
Success! New table has been created
Success! New table has been created
Success! New table has been created
Success! New table has been created
Success! New table has been created
Success! New table has been created
]]></system-out>
  </testcase>
  <testcase name="test_DeleteDB_GoodInput" classname="edu.brown.cs.student.api.SQLiteDBUnitTest" time="0.003">
    <system-out><![CDATA[Success! Connection to SSQLiteDB has been closed
Success! AutoCommit successfully changed for this.conn!
Success! New SQLite DB has been created
Success! Connection to SSQLiteDB has been closed
Success! Database has been deleted
]]></system-out>
  </testcase>
  <testcase name="test_TableExists_BadInput" classname="edu.brown.cs.student.api.SQLiteDBUnitTest" time="0.003">
    <system-out><![CDATA[Success! AutoCommit successfully changed for this.conn!
Success! New SQLite DB has been created
Success! Connection to SSQLiteDB has been closed
]]></system-out>
  </testcase>
  <testcase name="test_ExecuteSQLQuery_BadInput" classname="edu.brown.cs.student.api.SQLiteDBUnitTest" time="0.006">
    <system-out><![CDATA[Success! AutoCommit successfully changed for this.conn!
Success! New SQLite DB has been created
]]></system-out>
  </testcase>
  <testcase name="test_TableExists_GoodInput" classname="edu.brown.cs.student.api.SQLiteDBUnitTest" time="0.002">
    <system-out><![CDATA[Success! Connection to SSQLiteDB has been closed
Success! AutoCommit successfully changed for this.conn!
Success! Connection to SSQLiteDB has been established
]]></system-out>
  </testcase>
  <testcase name="test_CreateNewTable_GoodInput" classname="edu.brown.cs.student.api.SQLiteDBUnitTest" time="0.005">
    <system-out><![CDATA[Success! Connection to SSQLiteDB has been closed
Success! AutoCommit successfully changed for this.conn!
Success! New SQLite DB has been created
Success! New table has been created
]]></system-out>
  </testcase>
  <testcase name="test_DeleteDB_BadInput" classname="edu.brown.cs.student.api.SQLiteDBUnitTest" time="0.005">
    <system-out><![CDATA[Success! Connection to SSQLiteDB has been closed
Success! AutoCommit successfully changed for this.conn!
Success! New SQLite DB has been created
Success! Connection to SSQLiteDB has been closed
Success! AutoCommit successfully changed for this.conn!
Success! Connection to SSQLiteDB has been established
Success! Connection to SSQLiteDB has been closed
Success! Database has been deleted
]]></system-out>
  </testcase>
  <testcase name="test_closeDB_BadInput" classname="edu.brown.cs.student.api.SQLiteDBUnitTest" time="0.002">
    <system-out><![CDATA[Success! AutoCommit successfully changed for this.conn!
Success! New SQLite DB has been created
Success! Connection to SSQLiteDB has been closed
]]></system-out>
  </testcase>
  <testcase name="test_closeDB_GoodInput" classname="edu.brown.cs.student.api.SQLiteDBUnitTest" time="0.002">
    <system-out><![CDATA[Success! AutoCommit successfully changed for this.conn!
Success! New SQLite DB has been created
Success! Connection to SSQLiteDB has been closed
]]></system-out>
  </testcase>
  <testcase name="test_CreateDB_BadInput" classname="edu.brown.cs.student.api.SQLiteDBUnitTest" time="0.004">
    <system-out><![CDATA[Success! AutoCommit successfully changed for this.conn!
Success! New SQLite DB has been created
]]></system-out>
  </testcase>
  <testcase name="test_DropTable_BadInput" classname="edu.brown.cs.student.api.SQLiteDBUnitTest" time="0.004">
    <system-out><![CDATA[Success! Connection to SSQLiteDB has been closed
Success! AutoCommit successfully changed for this.conn!
Success! New SQLite DB has been created
Success! New table has been created
Success! Connection to SSQLiteDB has been closed
]]></system-out>
  </testcase>
  <testcase name="test_ExecuteSQLStatement_BadInput" classname="edu.brown.cs.student.api.SQLiteDBUnitTest" time="0.003">
    <system-out><![CDATA[Success! AutoCommit successfully changed for this.conn!
Success! New SQLite DB has been created
]]></system-out>
  </testcase>
  <testcase name="test_DropTable_GoodInput" classname="edu.brown.cs.student.api.SQLiteDBUnitTest" time="0.005">
    <system-out><![CDATA[Success! Connection to SSQLiteDB has been closed
Success! AutoCommit successfully changed for this.conn!
Success! New SQLite DB has been created
Success! New table has been created
Success! New table has been created
Success! Table has been dropped in connected database
]]></system-out>
  </testcase>
  <testcase name="test_GrabTableSchema_GoodInput" classname="edu.brown.cs.student.api.SQLiteDBUnitTest" time="0.003">
    <system-out><![CDATA[Success! Connection to SSQLiteDB has been closed
Success! AutoCommit successfully changed for this.conn!
Success! Connection to SSQLiteDB has been established
]]></system-out>
  </testcase>
  <testcase name="test_GrabTableSchema_BadInput" classname="edu.brown.cs.student.api.SQLiteDBUnitTest" time="0.005">
    <system-out><![CDATA[Success! Connection to SSQLiteDB has been closed
Success! AutoCommit successfully changed for this.conn!
Success! New SQLite DB has been created
Success! Connection to SSQLiteDB has been closed
]]></system-out>
  </testcase>
  <testcase name="test_Commit_GoodInput" classname="edu.brown.cs.student.api.SQLiteDBUnitTest" time="0.007">
    <system-out><![CDATA[Success! AutoCommit successfully changed for this.conn!
Success! New SQLite DB has been created
Success! New table has been created
Success! Connection to SSQLiteDB has been closed
Success! AutoCommit successfully changed for this.conn!
Success! Connection to SSQLiteDB has been established
Success! New table has been created
Success! Committed to DB!
Success! Connection to SSQLiteDB has been closed
Success! AutoCommit successfully changed for this.conn!
Success! Connection to SSQLiteDB has been established
]]></system-out>
  </testcase>
  <testcase name="test_CreateNewTable_BadInput" classname="edu.brown.cs.student.api.SQLiteDBUnitTest" time="0.005">
    <system-out><![CDATA[Success! Connection to SSQLiteDB has been closed
Success! AutoCommit successfully changed for this.conn!
Success! New SQLite DB has been created
Success! New table has been created
Success! Connection to SSQLiteDB has been closed
]]></system-out>
  </testcase>
  <testcase name="test_ExecuteSQLStatement_GoodInput" classname="edu.brown.cs.student.api.SQLiteDBUnitTest" time="0.005">
    <system-out><![CDATA[Success! AutoCommit successfully changed for this.conn!
Success! New SQLite DB has been created
Success! SQL Statement has been executed in connected database - UpdateCount returned from statement, or no items in ResultSet
Success! SQL Statement has been executed in connected database - UpdateCount returned from statement, or no items in ResultSet
Success! SQL Query has been executed in connected database
Success! SQL Statement has been executed in connected database - UpdateCount returned from statement, or no items in ResultSet
Success! SQL Query has been executed in connected database
Success! SQL Statement has been executed in connected database - UpdateCount returned from statement, or no items in ResultSet
]]></system-out>
  </testcase>
  <testcase name="test_CreateDB_GoodInput" classname="edu.brown.cs.student.api.SQLiteDBUnitTest" time="0.002">
    <system-out><![CDATA[Success! Connection to SSQLiteDB has been closed
Success! AutoCommit successfully changed for this.conn!
Success! New SQLite DB has been created
]]></system-out>
  </testcase>
</testsuite>